<?xml version="1.0" encoding="UTF-8"?>
<!-- Generated by org.testng.reporters.JUnitReportReporter -->
<testsuite hostname="PKS-LAPTOP" failures="0" tests="1" name="com.testCases.TC001Login" time="117.247" errors="0" timestamp="2023-07-31T13:56:28 IST" skipped="0">
  <testcase classname="com.testCases.TC001Login" name="loginTest" time="117.247"/>
</testsuite> <!-- com.testCases.TC001Login -->
