<?xml version="1.0" encoding="UTF-8"?>
<!-- Generated by org.testng.reporters.JUnitReportReporter -->
<testsuite hostname="PKS-LAPTOP" failures="0" tests="1" name="com.testCases.TC005bankingDetails" time="132.763" errors="0" timestamp="2023-08-07T22:25:08 IST" skipped="0">
  <testcase classname="com.testCases.TC005bankingDetails" name="banking" time="132.763"/>
</testsuite> <!-- com.testCases.TC005bankingDetails -->
