<?xml version="1.0" encoding="UTF-8"?>
<!-- Generated by org.testng.reporters.JUnitReportReporter -->
<testsuite hostname="PKS-LAPTOP" failures="0" tests="1" name="com.testCases.TC006teleCom" time="116.850" errors="0" timestamp="2023-08-07T22:25:08 IST" skipped="0">
  <testcase classname="com.testCases.TC006teleCom" name="telecom" time="116.850"/>
</testsuite> <!-- com.testCases.TC006teleCom -->
